<?xml version="1.0" encoding="UTF-8"?>
<testng-results skipped="0" failed="0" ignored="0" total="1" passed="1">
  <reporter-output>
  </reporter-output>
  <suite name="Default suite" duration-ms="74" started-at="2022-07-04T14:09:51Z" finished-at="2022-07-04T14:09:51Z">
    <groups>
    </groups>
    <test name="Default test" duration-ms="74" started-at="2022-07-04T14:09:51Z" finished-at="2022-07-04T14:09:51Z">
      <class name="appcode.NewTest">
        <test-method status="PASS" signature="test1()[pri:0, instance:appcode.NewTest@13deb50e]" name="test1" duration-ms="22" started-at="2022-07-04T19:39:51Z" finished-at="2022-07-04T19:39:51Z">
          <reporter-output>
          </reporter-output>
        </test-method> <!-- test1 -->
      </class> <!-- appcode.NewTest -->
    </test> <!-- Default test -->
  </suite> <!-- Default suite -->
</testng-results>
